<?xml version="1.0" encoding="UTF-8"?>
<!-- Generated by org.testng.reporters.JUnitReportReporter -->
<testsuite hostname="DESKTOP-56PO596" failures="0" tests="6" name="DistributedAdmin.Create_Cylinder_CRUD" time="2.795" errors="0" timestamp="2024-05-29T20:06:55 IST" skipped="0">
  <testcase classname="DistributedAdmin.Create_Cylinder_CRUD" name="distributorAdminLoginTest" time="0.574"/>
  <system-out/>
  <testcase classname="DistributedAdmin.Create_Cylinder_CRUD" name="getCompanyCylinder" time="0.396"/>
  <system-out/>
  <testcase classname="DistributedAdmin.Create_Cylinder_CRUD" name="getCompanyCylinderById" time="0.376"/>
  <system-out/>
  <testcase classname="DistributedAdmin.Create_Cylinder_CRUD" name="createCompanyCylinderTest" time="0.607"/>
  <system-out/>
  <testcase classname="DistributedAdmin.Create_Cylinder_CRUD" name="updateCompanyLocationByIdTest" time="0.595"/>
  <system-out/>
  <testcase classname="DistributedAdmin.Create_Cylinder_CRUD" name="DeleteDistributorUserById" time="0.247"/>
  <system-out/>
</testsuite> <!-- DistributedAdmin.Create_Cylinder_CRUD -->
