<?xml version="1.0" encoding="UTF-8"?>
<!-- Generated by org.testng.reporters.JUnitReportReporter -->
<testsuite hostname="DESKTOP-56PO596" failures="0" tests="10" name="SuperAdmin.Cylinder_CRUD" time="7.260" errors="0" timestamp="2024-05-29T20:06:55 IST" skipped="0">
  <testcase classname="SuperAdmin.Cylinder_CRUD" name="superAdminLoginTest" time="3.998"/>
  <system-out/>
  <testcase classname="SuperAdmin.Cylinder_CRUD" name="createCylinderSizeTestwithToken" time="0.636"/>
  <system-out/>
  <testcase classname="SuperAdmin.Cylinder_CRUD" name="createCylinderSizeTest" time="0.300"/>
  <system-out/>
  <testcase classname="SuperAdmin.Cylinder_CRUD" name="getAllCylinder" time="0.265"/>
  <system-out/>
  <testcase classname="SuperAdmin.Cylinder_CRUD" name="getCylinderById" time="0.207"/>
  <system-out/>
  <testcase classname="SuperAdmin.Cylinder_CRUD" name="updateCylinderById" time="0.216"/>
  <system-out/>
  <testcase classname="SuperAdmin.Cylinder_CRUD" name="createCylinderGasTest" time="0.827"/>
  <system-out/>
  <testcase classname="SuperAdmin.Cylinder_CRUD" name="getAllCylinderGas" time="0.234"/>
  <system-out/>
  <testcase classname="SuperAdmin.Cylinder_CRUD" name="getCylinderGasById" time="0.198"/>
  <system-out/>
  <testcase classname="SuperAdmin.Cylinder_CRUD" name="updateCylinderGasById" time="0.379"/>
  <system-out/>
</testsuite> <!-- SuperAdmin.Cylinder_CRUD -->
