<?xml version="1.0" encoding="UTF-8"?>
<!-- Generated by org.testng.reporters.JUnitReportReporter -->
<testsuite hostname="DESKTOP-56PO596" failures="0" tests="6" name="DistributedAdmin.Create_company_CRUD" time="1.293" errors="0" timestamp="2024-05-29T20:06:55 IST" skipped="1">
  <testcase classname="DistributedAdmin.Create_company_CRUD" name="distributorAdminLoginTest" time="0.476"/>
  <system-out/>
  <testcase classname="DistributedAdmin.Create_company_CRUD" name="getCompanyLocations" time="0.269"/>
  <system-out/>
  <testcase classname="DistributedAdmin.Create_company_CRUD" name="createCompanyLocationTest" time="0.145"/>
  <system-out/>
  <testcase classname="DistributedAdmin.Create_company_CRUD" name="getCompanyLocationsById" time="0.118"/>
  <system-out/>
  <testcase classname="DistributedAdmin.Create_company_CRUD" name="updateCompanyLocationByIdTest" time="0.285"/>
  <system-out/>
  <testcase classname="DistributedAdmin.Create_company_CRUD" name="DeleteDistributorUserById">
    <skipped/>
  </testcase> <!-- DeleteDistributorUserById -->
  <system-out/>
</testsuite> <!-- DistributedAdmin.Create_company_CRUD -->
