<?xml version="1.0" encoding="UTF-8"?>
<!-- Generated by org.testng.reporters.JUnitReportReporter -->
<testsuite hostname="DESKTOP-56PO596" failures="0" tests="7" name="DistributorUser.DistributorUserAccess" time="1.641" errors="0" timestamp="2024-05-29T20:06:55 IST" skipped="0">
  <testcase classname="DistributorUser.DistributorUserAccess" name="distributorUserLoginTest" time="0.528"/>
  <system-out/>
  <testcase classname="DistributorUser.DistributorUserAccess" name="getAllCylinderSize" time="0.198"/>
  <system-out/>
  <testcase classname="DistributorUser.DistributorUserAccess" name="getCylinderSizeById" time="0.186"/>
  <system-out/>
  <testcase classname="DistributorUser.DistributorUserAccess" name="getAllCylinderGas" time="0.175"/>
  <system-out/>
  <testcase classname="DistributorUser.DistributorUserAccess" name="getCylinderGasById" time="0.209"/>
  <system-out/>
  <testcase classname="DistributorUser.DistributorUserAccess" name="getCompanyCylinder" time="0.186"/>
  <system-out/>
  <testcase classname="DistributorUser.DistributorUserAccess" name="getCompanyCylinderById" time="0.159"/>
  <system-out/>
</testsuite> <!-- DistributorUser.DistributorUserAccess -->
