<?xml version="1.0" encoding="UTF-8"?>
<!-- Generated by org.testng.reporters.JUnitReportReporter -->
<testsuite hostname="DESKTOP-56PO596" failures="0" tests="5" name="DistributedAdmin.Distributor_User_CRUD" time="3.009" errors="0" timestamp="2024-05-29T20:06:55 IST" skipped="0">
  <testcase classname="DistributedAdmin.Distributor_User_CRUD" name="distributorAdminLoginTest" time="0.497"/>
  <system-out/>
  <testcase classname="DistributedAdmin.Distributor_User_CRUD" name="createDistributorUserTest" time="0.812"/>
  <system-out/>
  <testcase classname="DistributedAdmin.Distributor_User_CRUD" name="getDistributorUserById" time="0.123"/>
  <system-out/>
  <testcase classname="DistributedAdmin.Distributor_User_CRUD" name="updateDistributorUserTest" time="1.257"/>
  <system-out/>
  <testcase classname="DistributedAdmin.Distributor_User_CRUD" name="DeleteDistributorUserById" time="0.320"/>
  <system-out/>
</testsuite> <!-- DistributedAdmin.Distributor_User_CRUD -->
